<?xml version="1.0" encoding="UTF-8"?>
<!-- Generated by org.testng.reporters.JUnitReportReporter -->
<testsuite hostname="DESKTOP-8BFIBTM" failures="0" tests="1" name="MyRunner.TestRunner" time="63.132" errors="0" timestamp="26 Oct 2021 06:49:53 GMT" skipped="0">
  <testcase classname="MyRunner.TestRunner" name="feature" time="63.132"/>
</testsuite> <!-- MyRunner.TestRunner -->
