<?xml version="1.0" encoding="UTF-8"?>
<!-- Generated by org.testng.reporters.JUnitReportReporter -->
<testsuite hostname="DESKTOP-8BFIBTM" failures="0" tests="1" name="MyRunner.TestRunner" time="65.718" errors="0" timestamp="25 Oct 2021 14:43:35 GMT" skipped="0">
  <testcase classname="MyRunner.TestRunner" name="feature" time="65.718"/>
</testsuite> <!-- MyRunner.TestRunner -->
