<?xml version="1.0" encoding="UTF-8"?>
<!-- Generated by org.testng.reporters.JUnitReportReporter -->
<testsuite skipped="0" hostname="DESKTOP-8BFIBTM" name="MyRunner.TestRunner" tests="1" failures="0" timestamp="26 Oct 2021 17:55:26 GMT" time="81.309" errors="0">
  <testcase name="feature" time="81.309" classname="MyRunner.TestRunner"/>
</testsuite> <!-- MyRunner.TestRunner -->
